#
# There is insufficient memory for the Java Runtime Environment to continue.
# Native memory allocation (mmap) failed to map 716177408 bytes for committing reserved memory.
# Possible reasons:
#   The system is out of physical RAM or swap space
#   In 32 bit mode, the process size limit was hit
# Possible solutions:
#   Reduce memory load on the system
#   Increase physical memory or swap space
#   Check if swap backing store is full
#   Use 64 bit Java on a 64 bit OS
#   Decrease Java heap size (-Xmx/-Xms)
#   Decrease number of Java threads
#   Decrease Java thread stack sizes (-Xss)
#   Set larger code cache with -XX:ReservedCodeCacheSize=
# This output file may be truncated or incomplete.
#
#  Out of Memory Error (os_linux.cpp:2627), pid=11403, tid=0x00007f5fae31a700
#
# JRE version:  (8.0_101-b13) (build )
# Java VM: Java HotSpot(TM) 64-Bit Server VM (25.101-b13 mixed mode linux-amd64 compressed oops)
# Failed to write core dump. Core dumps have been disabled. To enable core dumping, try "ulimit -c unlimited" before starting Java again
#

---------------  T H R E A D  ---------------

Current thread (0x0000000001ddf000):  JavaThread "Unknown thread" [_thread_in_vm, id=11404, stack(0x00007f5fae21a000,0x00007f5fae31b000)]

Stack: [0x00007f5fae21a000,0x00007f5fae31b000],  sp=0x00007f5fae319350,  free space=1020k
Native frames: (J=compiled Java code, j=interpreted, Vv=VM code, C=native code)
V  [libjvm.so+0xac3f0a]  VMError::report_and_die()+0x2ba
V  [libjvm.so+0x4fbf9b]  report_vm_out_of_memory(char const*, int, unsigned long, VMErrorType, char const*)+0x8b
V  [libjvm.so+0x9222d3]  os::Linux::commit_memory_impl(char*, unsigned long, bool)+0x103
V  [libjvm.so+0x922829]  os::pd_commit_memory(char*, unsigned long, unsigned long, bool)+0x29
V  [libjvm.so+0x91cb2a]  os::commit_memory(char*, unsigned long, unsigned long, bool)+0x2a
V  [libjvm.so+0x991053]  PSVirtualSpace::expand_by(unsigned long)+0x53
V  [libjvm.so+0x981177]  PSOldGen::initialize(ReservedSpace, unsigned long, char const*, int)+0xb7
V  [libjvm.so+0x2d884a]  AdjoiningGenerations::AdjoiningGenerations(ReservedSpace, GenerationSizer*, unsigned long)+0x39a
V  [libjvm.so+0x945686]  ParallelScavengeHeap::initialize()+0x1d6
V  [libjvm.so+0xa8c753]  Universe::initialize_heap()+0xf3
V  [libjvm.so+0xa8c99e]  universe_init()+0x3e
V  [libjvm.so+0x63bdf5]  init_globals()+0x65
V  [libjvm.so+0xa70bfe]  Threads::create_vm(JavaVMInitArgs*, bool*)+0x23e
V  [libjvm.so+0x6d08f4]  JNI_CreateJavaVM+0x74
C  [libjli.so+0x745e]  JavaMain+0x9e
C  [libpthread.so.0+0x6b50]  start_thread+0xd0


---------------  P R O C E S S  ---------------

Java Threads: ( => current thread )

Other Threads:

=>0x0000000001ddf000 (exited) JavaThread "Unknown thread" [_thread_in_vm, id=11404, stack(0x00007f5fae21a000,0x00007f5fae31b000)]

VM state:not at safepoint (not fully initialized)

VM Mutex/Monitor currently owned by a thread: None

GC Heap History (0 events):
No events

Deoptimization events (0 events):
No events

Internal exceptions (0 events):
No events

Events (0 events):
No events


Dynamic libraries:
00400000-00401000 r-xp 00000000 fe:06 656203                             /usr/lib/jvm/java-8-oracle/jre/bin/java
00600000-00601000 rw-p 00000000 fe:06 656203                             /usr/lib/jvm/java-8-oracle/jre/bin/java
01dd4000-01e17000 rw-p 00000000 00:00 0                                  [heap]
eab00000-100000000 rw-p 00000000 00:00 0 
7f5fa2dc4000-7f5fa304d000 rw-p 00000000 00:00 0 
7f5fa304d000-7f5fa31a2000 ---p 00000000 00:00 0 
7f5fa31a2000-7f5fa3258000 rw-p 00000000 00:00 0 
7f5fa3258000-7f5fa344e000 ---p 00000000 00:00 0 
7f5fa344e000-7f5fa36be000 rwxp 00000000 00:00 0 
7f5fa36be000-7f5fab44e000 ---p 00000000 00:00 0 
7f5fab44e000-7f5fab468000 r-xp 00000000 fe:06 655940                     /usr/lib/jvm/java-8-oracle/jre/lib/amd64/libzip.so
7f5fab468000-7f5fab668000 ---p 0001a000 fe:06 655940                     /usr/lib/jvm/java-8-oracle/jre/lib/amd64/libzip.so
7f5fab668000-7f5fab669000 rw-p 0001a000 fe:06 655940                     /usr/lib/jvm/java-8-oracle/jre/lib/amd64/libzip.so
7f5fab669000-7f5fab674000 r-xp 00000000 fe:06 790626                     /lib/x86_64-linux-gnu/libnss_files-2.13.so
7f5fab674000-7f5fab873000 ---p 0000b000 fe:06 790626                     /lib/x86_64-linux-gnu/libnss_files-2.13.so
7f5fab873000-7f5fab874000 r--p 0000a000 fe:06 790626                     /lib/x86_64-linux-gnu/libnss_files-2.13.so
7f5fab874000-7f5fab875000 rw-p 0000b000 fe:06 790626                     /lib/x86_64-linux-gnu/libnss_files-2.13.so
7f5fab875000-7f5fab87f000 r-xp 00000000 fe:06 790623                     /lib/x86_64-linux-gnu/libnss_nis-2.13.so
7f5fab87f000-7f5faba7e000 ---p 0000a000 fe:06 790623                     /lib/x86_64-linux-gnu/libnss_nis-2.13.so
7f5faba7e000-7f5faba7f000 r--p 00009000 fe:06 790623                     /lib/x86_64-linux-gnu/libnss_nis-2.13.so
7f5faba7f000-7f5faba80000 rw-p 0000a000 fe:06 790623                     /lib/x86_64-linux-gnu/libnss_nis-2.13.so
7f5faba80000-7f5faba95000 r-xp 00000000 fe:06 790624                     /lib/x86_64-linux-gnu/libnsl-2.13.so
7f5faba95000-7f5fabc94000 ---p 00015000 fe:06 790624                     /lib/x86_64-linux-gnu/libnsl-2.13.so
7f5fabc94000-7f5fabc95000 r--p 00014000 fe:06 790624                     /lib/x86_64-linux-gnu/libnsl-2.13.so
7f5fabc95000-7f5fabc96000 rw-p 00015000 fe:06 790624                     /lib/x86_64-linux-gnu/libnsl-2.13.so
7f5fabc96000-7f5fabc98000 rw-p 00000000 00:00 0 
7f5fabc98000-7f5fabc9f000 r-xp 00000000 fe:06 790613                     /lib/x86_64-linux-gnu/libnss_compat-2.13.so
7f5fabc9f000-7f5fabe9e000 ---p 00007000 fe:06 790613                     /lib/x86_64-linux-gnu/libnss_compat-2.13.so
7f5fabe9e000-7f5fabe9f000 r--p 00006000 fe:06 790613                     /lib/x86_64-linux-gnu/libnss_compat-2.13.so
7f5fabe9f000-7f5fabea0000 rw-p 00007000 fe:06 790613                     /lib/x86_64-linux-gnu/libnss_compat-2.13.so
7f5fabea0000-7f5fabeca000 r-xp 00000000 fe:06 655900                     /usr/lib/jvm/java-8-oracle/jre/lib/amd64/libjava.so
7f5fabeca000-7f5fac0ca000 ---p 0002a000 fe:06 655900                     /usr/lib/jvm/java-8-oracle/jre/lib/amd64/libjava.so
7f5fac0ca000-7f5fac0cc000 rw-p 0002a000 fe:06 655900                     /usr/lib/jvm/java-8-oracle/jre/lib/amd64/libjava.so
7f5fac0cc000-7f5fac0d9000 r-xp 00000000 fe:06 655933                     /usr/lib/jvm/java-8-oracle/jre/lib/amd64/libverify.so
7f5fac0d9000-7f5fac2d9000 ---p 0000d000 fe:06 655933                     /usr/lib/jvm/java-8-oracle/jre/lib/amd64/libverify.so
7f5fac2d9000-7f5fac2db000 rw-p 0000d000 fe:06 655933                     /usr/lib/jvm/java-8-oracle/jre/lib/amd64/libverify.so
7f5fac2db000-7f5fac2e2000 r-xp 00000000 fe:06 790627                     /lib/x86_64-linux-gnu/librt-2.13.so
7f5fac2e2000-7f5fac4e1000 ---p 00007000 fe:06 790627                     /lib/x86_64-linux-gnu/librt-2.13.so
7f5fac4e1000-7f5fac4e2000 r--p 00006000 fe:06 790627                     /lib/x86_64-linux-gnu/librt-2.13.so
7f5fac4e2000-7f5fac4e3000 rw-p 00007000 fe:06 790627                     /lib/x86_64-linux-gnu/librt-2.13.so
7f5fac4e3000-7f5fac564000 r-xp 00000000 fe:06 790629                     /lib/x86_64-linux-gnu/libm-2.13.so
7f5fac564000-7f5fac763000 ---p 00081000 fe:06 790629                     /lib/x86_64-linux-gnu/libm-2.13.so
7f5fac763000-7f5fac764000 r--p 00080000 fe:06 790629                     /lib/x86_64-linux-gnu/libm-2.13.so
7f5fac764000-7f5fac765000 rw-p 00081000 fe:06 790629                     /lib/x86_64-linux-gnu/libm-2.13.so
7f5fac765000-7f5fad430000 r-xp 00000000 fe:06 655884                     /usr/lib/jvm/java-8-oracle/jre/lib/amd64/server/libjvm.so
7f5fad430000-7f5fad62f000 ---p 00ccb000 fe:06 655884                     /usr/lib/jvm/java-8-oracle/jre/lib/amd64/server/libjvm.so
7f5fad62f000-7f5fad708000 rw-p 00cca000 fe:06 655884                     /usr/lib/jvm/java-8-oracle/jre/lib/amd64/server/libjvm.so
7f5fad708000-7f5fad753000 rw-p 00000000 00:00 0 
7f5fad753000-7f5fad8d7000 r-xp 00000000 fe:06 790619                     /lib/x86_64-linux-gnu/libc-2.13.so
7f5fad8d7000-7f5fadad6000 ---p 00184000 fe:06 790619                     /lib/x86_64-linux-gnu/libc-2.13.so
7f5fadad6000-7f5fadada000 r--p 00183000 fe:06 790619                     /lib/x86_64-linux-gnu/libc-2.13.so
7f5fadada000-7f5fadadb000 rw-p 00187000 fe:06 790619                     /lib/x86_64-linux-gnu/libc-2.13.so
7f5fadadb000-7f5fadae0000 rw-p 00000000 00:00 0 
7f5fadae0000-7f5fadae2000 r-xp 00000000 fe:06 790614                     /lib/x86_64-linux-gnu/libdl-2.13.so
7f5fadae2000-7f5fadce2000 ---p 00002000 fe:06 790614                     /lib/x86_64-linux-gnu/libdl-2.13.so
7f5fadce2000-7f5fadce3000 r--p 00002000 fe:06 790614                     /lib/x86_64-linux-gnu/libdl-2.13.so
7f5fadce3000-7f5fadce4000 rw-p 00003000 fe:06 790614                     /lib/x86_64-linux-gnu/libdl-2.13.so
7f5fadce4000-7f5fadcf9000 r-xp 00000000 fe:06 655910                     /usr/lib/jvm/java-8-oracle/jre/lib/amd64/jli/libjli.so
7f5fadcf9000-7f5fadef9000 ---p 00015000 fe:06 655910                     /usr/lib/jvm/java-8-oracle/jre/lib/amd64/jli/libjli.so
7f5fadef9000-7f5fadefa000 rw-p 00015000 fe:06 655910                     /usr/lib/jvm/java-8-oracle/jre/lib/amd64/jli/libjli.so
7f5fadefa000-7f5fadf11000 r-xp 00000000 fe:06 790622                     /lib/x86_64-linux-gnu/libpthread-2.13.so
7f5fadf11000-7f5fae110000 ---p 00017000 fe:06 790622                     /lib/x86_64-linux-gnu/libpthread-2.13.so
7f5fae110000-7f5fae111000 r--p 00016000 fe:06 790622                     /lib/x86_64-linux-gnu/libpthread-2.13.so
7f5fae111000-7f5fae112000 rw-p 00017000 fe:06 790622                     /lib/x86_64-linux-gnu/libpthread-2.13.so
7f5fae112000-7f5fae116000 rw-p 00000000 00:00 0 
7f5fae116000-7f5fae136000 r-xp 00000000 fe:06 790617                     /lib/x86_64-linux-gnu/ld-2.13.so
7f5fae21a000-7f5fae21d000 ---p 00000000 00:00 0 
7f5fae21d000-7f5fae31f000 rw-p 00000000 00:00 0 
7f5fae328000-7f5fae329000 rw-p 00000000 00:00 0 
7f5fae329000-7f5fae331000 rw-s 00000000 fe:06 4852335                    /tmp/hsperfdata_root/11403
7f5fae331000-7f5fae332000 rw-p 00000000 00:00 0 
7f5fae332000-7f5fae333000 r--p 00000000 00:00 0 
7f5fae333000-7f5fae335000 rw-p 00000000 00:00 0 
7f5fae335000-7f5fae336000 r--p 0001f000 fe:06 790617                     /lib/x86_64-linux-gnu/ld-2.13.so
7f5fae336000-7f5fae337000 rw-p 00020000 fe:06 790617                     /lib/x86_64-linux-gnu/ld-2.13.so
7f5fae337000-7f5fae338000 rw-p 00000000 00:00 0 
7fff474c4000-7fff474e5000 rw-p 00000000 00:00 0                          [stack]
7fff475ff000-7fff47600000 r-xp 00000000 00:00 0                          [vdso]
ffffffffff600000-ffffffffff601000 r-xp 00000000 00:00 0                  [vsyscall]

VM Arguments:
jvm_args: -Xms1024m -Xmx1024m -XX:ReservedCodeCacheSize=128m -XX:MaxMetaspaceSize=256m 
java_command: /usr/share/sbt-launcher-packaging/bin/sbt-launch.jar
java_class_path (initial): /usr/share/sbt-launcher-packaging/bin/sbt-launch.jar
Launcher Type: SUN_STANDARD

Environment Variables:
JAVA_HOME=/usr/lib/jvm/java-8-oracle
PATH=/usr/local/sbin:/usr/local/bin:/usr/sbin:/usr/bin:/sbin:/bin:/usr/lib/jvm/java-8-oracle/bin:/usr/lib/jvm/java-8-oracle/db/bin:/usr/lib/jvm/java-8-oracle/jre/bin
SHELL=/bin/bash

Signal Handlers:
SIGSEGV: [libjvm.so+0xac4790], sa_mask[0]=11111111011111111101111111111110, sa_flags=SA_RESTART|SA_SIGINFO
SIGBUS: [libjvm.so+0xac4790], sa_mask[0]=11111111011111111101111111111110, sa_flags=SA_RESTART|SA_SIGINFO
SIGFPE: [libjvm.so+0x91f140], sa_mask[0]=11111111011111111101111111111110, sa_flags=SA_RESTART|SA_SIGINFO
SIGPIPE: [libjvm.so+0x91f140], sa_mask[0]=11111111011111111101111111111110, sa_flags=SA_RESTART|SA_SIGINFO
SIGXFSZ: [libjvm.so+0x91f140], sa_mask[0]=11111111011111111101111111111110, sa_flags=SA_RESTART|SA_SIGINFO
SIGILL: [libjvm.so+0x91f140], sa_mask[0]=11111111011111111101111111111110, sa_flags=SA_RESTART|SA_SIGINFO
SIGUSR1: SIG_DFL, sa_mask[0]=00000000000000000000000000000000, sa_flags=none
SIGUSR2: [libjvm.so+0x920770], sa_mask[0]=00000000000000000000000000000000, sa_flags=SA_RESTART|SA_SIGINFO
SIGHUP: SIG_DFL, sa_mask[0]=00000000000000000000000000000000, sa_flags=none
SIGINT: SIG_DFL, sa_mask[0]=00000000000000000000000000000000, sa_flags=none
SIGTERM: SIG_DFL, sa_mask[0]=00000000000000000000000000000000, sa_flags=none
SIGQUIT: SIG_DFL, sa_mask[0]=00000000000000000000000000000000, sa_flags=none


---------------  S Y S T E M  ---------------

OS:PRETTY_NAME="Debian GNU/Linux 7 (wheezy)"
NAME="Debian GNU/Linux"
VERSION_ID="7"
VERSION="7 (wheezy)"
ID=debian
ANSI_COLOR="1;31"
HOME_URL="http://www.debian.org/"
SUPPORT_URL="http://www.debian.org/support/"
BUG_REPORT_URL="http://bugs.debian.org/"

uname:Linux 3.2.0-4-amd64 #1 SMP Debian 3.2.65-1 x86_64
libc:glibc 2.13 NPTL 2.13 
rlimit: STACK 8192k, CORE 0k, NPROC 31634, NOFILE 4096, AS infinity
load average:0.06 0.09 0.11

/proc/meminfo:
MemTotal:        4061544 kB
MemFree:          194564 kB
Buffers:            4240 kB
Cached:            94984 kB
SwapCached:        14240 kB
Active:          2983312 kB
Inactive:         802356 kB
Active(anon):    2930644 kB
Inactive(anon):   756344 kB
Active(file):      52668 kB
Inactive(file):    46012 kB
Unevictable:           0 kB
Mlocked:               0 kB
SwapTotal:        522236 kB
SwapFree:         195748 kB
Dirty:                48 kB
Writeback:             0 kB
AnonPages:       3672940 kB
Mapped:            33168 kB
Shmem:               480 kB
Slab:              39736 kB
SReclaimable:      27432 kB
SUnreclaim:        12304 kB
KernelStack:        1688 kB
PageTables:        17192 kB
NFS_Unstable:          0 kB
Bounce:                0 kB
WritebackTmp:          0 kB
CommitLimit:     2553008 kB
Committed_AS:    5690932 kB
VmallocTotal:   34359738367 kB
VmallocUsed:       16736 kB
VmallocChunk:   34359721627 kB
HardwareCorrupted:     0 kB
AnonHugePages:         0 kB
HugePages_Total:       0
HugePages_Free:        0
HugePages_Rsvd:        0
HugePages_Surp:        0
Hugepagesize:       2048 kB
DirectMap4k:       24564 kB
DirectMap2M:     4169728 kB


CPU:total 2 (1 cores per cpu, 1 threads per core) family 6 model 13 stepping 3, cmov, cx8, fxsr, mmx, sse, sse2, sse3, tsc

/proc/cpuinfo:
processor	: 0
vendor_id	: GenuineIntel
cpu family	: 6
model		: 13
model name	: QEMU Virtual CPU version (cpu64-rhel6)
stepping	: 3
microcode	: 0x1
cpu MHz		: 2593.730
cache size	: 4096 KB
fpu		: yes
fpu_exception	: yes
cpuid level	: 4
wp		: yes
flags		: fpu de pse tsc msr pae mce cx8 apic sep mtrr pge mca cmov pse36 clflush mmx fxsr sse sse2 syscall nx lm nopl pni cx16 hypervisor lahf_lm
bogomips	: 5187.46
clflush size	: 64
cache_alignment	: 64
address sizes	: 46 bits physical, 48 bits virtual
power management:

processor	: 1
vendor_id	: GenuineIntel
cpu family	: 6
model		: 13
model name	: QEMU Virtual CPU version (cpu64-rhel6)
stepping	: 3
microcode	: 0x1
cpu MHz		: 2593.730
cache size	: 4096 KB
fpu		: yes
fpu_exception	: yes
cpuid level	: 4
wp		: yes
flags		: fpu de pse tsc msr pae mce cx8 apic sep mtrr pge mca cmov pse36 clflush mmx fxsr sse sse2 syscall nx lm nopl pni cx16 hypervisor lahf_lm
bogomips	: 5187.46
clflush size	: 64
cache_alignment	: 64
address sizes	: 46 bits physical, 48 bits virtual
power management:



Memory: 4k page, physical 4061544k(194564k free), swap 522236k(195748k free)

vm_info: Java HotSpot(TM) 64-Bit Server VM (25.101-b13) for linux-amd64 JRE (1.8.0_101-b13), built on Jun 22 2016 02:59:44 by "java_re" with gcc 4.3.0 20080428 (Red Hat 4.3.0-8)

time: Sat Sep 10 20:40:26 2016
elapsed time: 0 seconds (0d 0h 0m 0s)

